This is pdfTeX, Version 3.141592653-2.6-1.40.24 (TeX Live 2022) (preloaded format=pdflatex 2022.9.15)  4 NOV 2022 20:43
entering extended mode
 restricted \write18 enabled.
 %&-line parsing enabled.
**rizauddin.tex
(./rizauddin.tex
LaTeX2e <2022-06-01> patch level 5
L3 programming layer <2022-08-30>
(/usr/local/texlive/2022/texmf-dist/tex/latex/europecv/europecv.cls
Document Class: europecv 08/03/2022 (Unicode TeX detection) European curriculum
 vitae class
\c@FootNoteCounter=\count185
\c@ConferencePublications=\count186
\c@BookChapterPublications=\count187
\c@ReferredJournalsPublications=\count188
\c@Workshops=\count189
\c@Posters=\count190
\c@ResearchProjects=\count191
\c@Awards=\count192
(/usr/local/texlive/2022/texmf-dist/tex/latex/base/article.cls
Document Class: article 2021/10/04 v1.4n Standard LaTeX document class
(/usr/local/texlive/2022/texmf-dist/tex/latex/base/size10.clo
File: size10.clo 2021/10/04 v1.4n Standard LaTeX file (size option)
)
\c@part=\count193
\c@section=\count194
\c@subsection=\count195
\c@subsubsection=\count196
\c@paragraph=\count197
\c@subparagraph=\count198
\c@figure=\count199
\c@table=\count266
\abovecaptionskip=\skip47
\belowcaptionskip=\skip48
\bibindent=\dimen138
)
(/usr/local/texlive/2022/texmf-dist/tex/latex/tools/array.sty
Package: array 2022/03/10 v2.5f Tabular extension package (FMi)
\col@sep=\dimen139
\ar@mcellbox=\box51
\extrarowheight=\dimen140
\NC@list=\toks16
\extratabsurround=\skip49
\backup@length=\skip50
\ar@cellbox=\box52
)
(/usr/local/texlive/2022/texmf-dist/tex/latex/tools/longtable.sty
Package: longtable 2021-09-01 v4.17 Multi-page Table package (DPC)
\LTleft=\skip51
\LTright=\skip52
\LTpre=\skip53
\LTpost=\skip54
\LTchunksize=\count267
\LTcapwidth=\dimen141
\LT@head=\box53
\LT@firsthead=\box54
\LT@foot=\box55
\LT@lastfoot=\box56
\LT@gbox=\box57
\LT@cols=\count268
\LT@rows=\count269
\c@LT@tables=\count270
\c@LT@chunks=\count271
\LT@p@ftn=\toks17
)
(/usr/local/texlive/2022/texmf-dist/tex/latex/fancyhdr/fancyhdr.sty
Package: fancyhdr 2022/05/18 v4.0.3 Extensive control of page headers and foote
rs
\f@nch@headwidth=\skip55
\f@nch@O@elh=\skip56
\f@nch@O@erh=\skip57
\f@nch@O@olh=\skip58
\f@nch@O@orh=\skip59
\f@nch@O@elf=\skip60
\f@nch@O@erf=\skip61
\f@nch@O@olf=\skip62
\f@nch@O@orf=\skip63
)
\ecv@langparwidth=\skip64
\ecv@rulewidth=\skip65
\ecv@colsep=\skip66
\ecv@leftcolwidth=\skip67
\ecv@rightcolwidth=\skip68
\ecv@extrarowheight=\skip69
\ecv@flagwidth=\skip70
\ecv@logowidth=\skip71
\ecv@logooffset=\skip72
)
(/usr/local/texlive/2022/texmf-dist/tex/latex/europecv/ecven.def
File: ecven.def europecv English definitions
)
(/usr/local/texlive/2022/texmf-dist/tex/latex/totpages/totpages.sty
Package: totpages 2005/09/19 v2.00 Totpages Package (muewi)

(/usr/local/texlive/2022/texmf-dist/tex/latex/everyshi/everyshi.sty
Package: everyshi 2020/11/18 v4.00 EveryShipout Package
)
(/usr/local/texlive/2022/texmf-dist/tex/latex/graphics/keyval.sty
Package: keyval 2022/05/29 v1.15 key=value parser (DPC)
\KV@toks@=\toks18
))
(/usr/local/texlive/2022/texmf-dist/tex/latex/graphics/graphicx.sty
Package: graphicx 2021/09/16 v1.2d Enhanced LaTeX Graphics (DPC,SPQR)

(/usr/local/texlive/2022/texmf-dist/tex/latex/graphics/graphics.sty
Package: graphics 2022/03/10 v1.4e Standard LaTeX Graphics (DPC,SPQR)

(/usr/local/texlive/2022/texmf-dist/tex/latex/graphics/trig.sty
Package: trig 2021/08/11 v1.11 sin cos tan (DPC)
)
(/usr/local/texlive/2022/texmf-dist/tex/latex/graphics-cfg/graphics.cfg
File: graphics.cfg 2016/06/04 v1.11 sample graphics configuration
)
Package graphics Info: Driver file: pdftex.def on input line 107.

(/usr/local/texlive/2022/texmf-dist/tex/latex/graphics-def/pdftex.def
File: pdftex.def 2020/10/05 v1.2a Graphics/color driver for pdftex
))
\Gin@req@height=\dimen142
\Gin@req@width=\dimen143
)
(/usr/local/texlive/2022/texmf-dist/tex/latex/hyperref/hyperref.sty
Package: hyperref 2022-06-20 v7.00s Hypertext links for LaTeX

(/usr/local/texlive/2022/texmf-dist/tex/generic/ltxcmds/ltxcmds.sty
Package: ltxcmds 2020-05-10 v1.25 LaTeX kernel commands for general use (HO)
)
(/usr/local/texlive/2022/texmf-dist/tex/generic/iftex/iftex.sty
Package: iftex 2022/02/03 v1.0f TeX engine tests
)
(/usr/local/texlive/2022/texmf-dist/tex/generic/pdftexcmds/pdftexcmds.sty
Package: pdftexcmds 2020-06-27 v0.33 Utility functions of pdfTeX for LuaTeX (HO
)

(/usr/local/texlive/2022/texmf-dist/tex/generic/infwarerr/infwarerr.sty
Package: infwarerr 2019/12/03 v1.5 Providing info/warning/error messages (HO)
)
Package pdftexcmds Info: \pdf@primitive is available.
Package pdftexcmds Info: \pdf@ifprimitive is available.
Package pdftexcmds Info: \pdfdraftmode found.
)
(/usr/local/texlive/2022/texmf-dist/tex/generic/kvsetkeys/kvsetkeys.sty
Package: kvsetkeys 2019/12/15 v1.18 Key value parser (HO)
)
(/usr/local/texlive/2022/texmf-dist/tex/generic/kvdefinekeys/kvdefinekeys.sty
Package: kvdefinekeys 2019-12-19 v1.6 Define keys (HO)
)
(/usr/local/texlive/2022/texmf-dist/tex/generic/pdfescape/pdfescape.sty
Package: pdfescape 2019/12/09 v1.15 Implements pdfTeX's escape features (HO)
)
(/usr/local/texlive/2022/texmf-dist/tex/latex/hycolor/hycolor.sty
Package: hycolor 2020-01-27 v1.10 Color options for hyperref/bookmark (HO)
)
(/usr/local/texlive/2022/texmf-dist/tex/latex/letltxmacro/letltxmacro.sty
Package: letltxmacro 2019/12/03 v1.6 Let assignment for LaTeX macros (HO)
)
(/usr/local/texlive/2022/texmf-dist/tex/latex/auxhook/auxhook.sty
Package: auxhook 2019-12-17 v1.6 Hooks for auxiliary files (HO)
)
(/usr/local/texlive/2022/texmf-dist/tex/latex/hyperref/nameref.sty
Package: nameref 2022-05-17 v2.50 Cross-referencing by name of section

(/usr/local/texlive/2022/texmf-dist/tex/latex/refcount/refcount.sty
Package: refcount 2019/12/15 v3.6 Data extraction from label references (HO)
)
(/usr/local/texlive/2022/texmf-dist/tex/generic/gettitlestring/gettitlestring.s
ty
Package: gettitlestring 2019/12/15 v1.6 Cleanup title references (HO)
 (/usr/local/texlive/2022/texmf-dist/tex/latex/kvoptions/kvoptions.sty
Package: kvoptions 2022-06-15 v3.15 Key value format for package options (HO)
))
\c@section@level=\count272
)
\@linkdim=\dimen144
\Hy@linkcounter=\count273
\Hy@pagecounter=\count274

(/usr/local/texlive/2022/texmf-dist/tex/latex/hyperref/pd1enc.def
File: pd1enc.def 2022-06-20 v7.00s Hyperref: PDFDocEncoding definition (HO)
Now handling font encoding PD1 ...
... no UTF-8 mapping file for font encoding PD1
)
(/usr/local/texlive/2022/texmf-dist/tex/generic/intcalc/intcalc.sty
Package: intcalc 2019/12/15 v1.3 Expandable calculations with integers (HO)
)
(/usr/local/texlive/2022/texmf-dist/tex/generic/etexcmds/etexcmds.sty
Package: etexcmds 2019/12/15 v1.7 Avoid name clashes with e-TeX commands (HO)
)
\Hy@SavedSpaceFactor=\count275

(/usr/local/texlive/2022/texmf-dist/tex/latex/hyperref/puenc.def
File: puenc.def 2022-06-20 v7.00s Hyperref: PDF Unicode definition (HO)
Now handling font encoding PU ...
... no UTF-8 mapping file for font encoding PU
)
Package hyperref Info: Hyper figures OFF on input line 4162.
Package hyperref Info: Link nesting OFF on input line 4167.
Package hyperref Info: Hyper index ON on input line 4170.
Package hyperref Info: Plain pages OFF on input line 4177.
Package hyperref Info: Backreferencing OFF on input line 4182.
Package hyperref Info: Implicit mode ON; LaTeX internals redefined.
Package hyperref Info: Bookmarks ON on input line 4408.
\c@Hy@tempcnt=\count276

(/usr/local/texlive/2022/texmf-dist/tex/latex/url/url.sty
\Urlmuskip=\muskip16
Package: url 2013/09/16  ver 3.4  Verb mode for urls, etc.
)
LaTeX Info: Redefining \url on input line 4746.
\XeTeXLinkMargin=\dimen145

(/usr/local/texlive/2022/texmf-dist/tex/generic/bitset/bitset.sty
Package: bitset 2019/12/09 v1.3 Handle bit-vector datatype (HO)

(/usr/local/texlive/2022/texmf-dist/tex/generic/bigintcalc/bigintcalc.sty
Package: bigintcalc 2019/12/15 v1.5 Expandable calculations on big integers (HO
)
))
\Fld@menulength=\count277
\Field@Width=\dimen146
\Fld@charsize=\dimen147
Package hyperref Info: Hyper figures OFF on input line 6024.
Package hyperref Info: Link nesting OFF on input line 6029.
Package hyperref Info: Hyper index ON on input line 6032.
Package hyperref Info: backreferencing OFF on input line 6039.
Package hyperref Info: Link coloring OFF on input line 6044.
Package hyperref Info: Link coloring with OCG OFF on input line 6049.
Package hyperref Info: PDF/A mode OFF on input line 6054.

(/usr/local/texlive/2022/texmf-dist/tex/latex/base/atbegshi-ltx.sty
Package: atbegshi-ltx 2021/01/10 v1.0c Emulation of the original atbegshi
package with kernel methods
)
\Hy@abspage=\count278
\c@Item=\count279
\c@Hfootnote=\count280
)
Package hyperref Info: Driver (autodetected): hpdftex.

(/usr/local/texlive/2022/texmf-dist/tex/latex/hyperref/hpdftex.def
File: hpdftex.def 2022-06-20 v7.00s Hyperref driver for pdfTeX

(/usr/local/texlive/2022/texmf-dist/tex/latex/base/atveryend-ltx.sty
Package: atveryend-ltx 2020/08/19 v1.0a Emulation of the original atveryend pac
kage
with kernel methods
)
\Fld@listcount=\count281
\c@bookmark@seq@number=\count282

(/usr/local/texlive/2022/texmf-dist/tex/latex/rerunfilecheck/rerunfilecheck.sty
Package: rerunfilecheck 2022-07-10 v1.10 Rerun checks for auxiliary files (HO)

(/usr/local/texlive/2022/texmf-dist/tex/generic/uniquecounter/uniquecounter.sty
Package: uniquecounter 2019/12/15 v1.4 Provide unlimited unique counter (HO)
)
Package uniquecounter Info: New unique counter `rerunfilecheck' on input line 2
85.
)
\Hy@SectionHShift=\skip73
) (/usr/local/texlive/2022/texmf-dist/tex/latex/natbib/bibentry.sty
Package: bibentry 2007/10/30 1.5 (PWD)
)
(/usr/local/texlive/2022/texmf-dist/tex/latex/geometry/geometry.sty
Package: geometry 2020/01/02 v5.9 Page Geometry

(/usr/local/texlive/2022/texmf-dist/tex/generic/iftex/ifvtex.sty
Package: ifvtex 2019/10/25 v1.7 ifvtex legacy package. Use iftex instead.
)
\Gm@cnth=\count283
\Gm@cntv=\count284
\c@Gm@tempcnt=\count285
\Gm@bindingoffset=\dimen148
\Gm@wd@mp=\dimen149
\Gm@odd@mp=\dimen150
\Gm@even@mp=\dimen151
\Gm@layoutwidth=\dimen152
\Gm@layoutheight=\dimen153
\Gm@layouthoffset=\dimen154
\Gm@layoutvoffset=\dimen155
\Gm@dimlist=\toks19
)

Package geometry Warning: Over-specification in `h'-direction.
    `width' (497.92322pt) is ignored.


Package geometry Warning: Over-specification in `v'-direction.
    `height' (688.5566pt) is ignored.

(/usr/local/texlive/2022/texmf-dist/tex/generic/babel/babel.sty
Package: babel 2022/08/29 3.79 The Babel package
\babel@savecnt=\count286
\U@D=\dimen156
\l@unhyphenated=\language87

(/usr/local/texlive/2022/texmf-dist/tex/generic/babel/txtbabel.def)
\bbl@readstream=\read2
\bbl@dirlevel=\count287
Package babel Info: You haven't specified a language. I'll use 'nil'
(babel)             as the main language. Reported on input line 4411.

(/usr/local/texlive/2022/texmf-dist/tex/generic/babel/nil.ldf
Language: nil 2022/08/29 3.79 Nil language
\l@nil=\language88
))
LaTeX Font Info:    Trying to load font information for OT1+phv on input line 7
3.

(/usr/local/texlive/2022/texmf-dist/tex/latex/psnfss/ot1phv.fd
File: ot1phv.fd 2020/03/25 scalable font definitions for OT1/phv.
)
(/usr/local/texlive/2022/texmf-dist/tex/latex/l3backend/l3backend-pdftex.def
File: l3backend-pdftex.def 2022-08-30 L3 backend support: PDF output (pdfTeX)
\l__color_backend_stack_int=\count288
\l__pdf_internal_box=\box58
)
(./rizauddin.aux)
\openout1 = `rizauddin.aux'.

LaTeX Font Info:    Checking defaults for OML/cmm/m/it on input line 73.
LaTeX Font Info:    ... okay on input line 73.
LaTeX Font Info:    Checking defaults for OMS/cmsy/m/n on input line 73.
LaTeX Font Info:    ... okay on input line 73.
LaTeX Font Info:    Checking defaults for OT1/cmr/m/n on input line 73.
LaTeX Font Info:    ... okay on input line 73.
LaTeX Font Info:    Checking defaults for T1/cmr/m/n on input line 73.
LaTeX Font Info:    ... okay on input line 73.
LaTeX Font Info:    Checking defaults for TS1/cmr/m/n on input line 73.
LaTeX Font Info:    ... okay on input line 73.
LaTeX Font Info:    Checking defaults for OMX/cmex/m/n on input line 73.
LaTeX Font Info:    ... okay on input line 73.
LaTeX Font Info:    Checking defaults for U/cmr/m/n on input line 73.
LaTeX Font Info:    ... okay on input line 73.
LaTeX Font Info:    Checking defaults for PD1/pdf/m/n on input line 73.
LaTeX Font Info:    ... okay on input line 73.
LaTeX Font Info:    Checking defaults for PU/pdf/m/n on input line 73.
LaTeX Font Info:    ... okay on input line 73.

(/usr/local/texlive/2022/texmf-dist/tex/latex/etoolbox/etoolbox.sty
Package: etoolbox 2020/10/05 v2.5k e-TeX tools for LaTeX (JAW)
\etb@tempcnta=\count289
)
(/usr/local/texlive/2022/texmf-dist/tex/context/base/mkii/supp-pdf.mkii
[Loading MPS to PDF converter (version 2006.09.02).]
\scratchcounter=\count290
\scratchdimen=\dimen157
\scratchbox=\box59
\nofMPsegments=\count291
\nofMParguments=\count292
\everyMPshowfont=\toks20
\MPscratchCnt=\count293
\MPscratchDim=\dimen158
\MPnumerator=\count294
\makeMPintoPDFobject=\count295
\everyMPtoPDFconversion=\toks21
) (/usr/local/texlive/2022/texmf-dist/tex/latex/epstopdf-pkg/epstopdf-base.sty
Package: epstopdf-base 2020-01-24 v2.11 Base part for package epstopdf
Package epstopdf-base Info: Redefining graphics rule for `.eps' on input line 4
85.

(/usr/local/texlive/2022/texmf-dist/tex/latex/latexconfig/epstopdf-sys.cfg
File: epstopdf-sys.cfg 2010/07/13 v1.3 Configuration of (r)epstopdf for TeX Liv
e
))
Package hyperref Info: Link coloring OFF on input line 73.

(./rizauddin.out) (./rizauddin.out)
\@outlinefile=\write3
\openout3 = `rizauddin.out'.


*geometry* driver: auto-detecting
*geometry* detected driver: pdftex

Package geometry Warning: The marginal notes overrun the paper.
     Add 19.0945pt and more to the right margin.

*geometry* verbose mode - [ preamble ] result:
* driver: pdftex
* paper: a4paper
* layout: <same size as paper>
* layoutoffset:(h,v)=(0.0pt,0.0pt)
* modes: 
* h-part:(L,W,R)=(56.9055pt, 483.69687pt, 56.9055pt)
* v-part:(T,H,B)=(56.9055pt, 702.78308pt, 85.35826pt)
* \paperwidth=597.50787pt
* \paperheight=845.04684pt
* \textwidth=483.69687pt
* \textheight=702.78308pt
* \oddsidemargin=-15.36449pt
* \evensidemargin=-15.36449pt
* \topmargin=-52.36449pt
* \headheight=12.0pt
* \headsep=25.0pt
* \topskip=10.0pt
* \footskip=30.0pt
* \marginparwidth=65.0pt
* \marginparsep=11.0pt
* \columnsep=10.0pt
* \skip\footins=9.0pt plus 4.0pt minus 2.0pt
* \hoffset=0.0pt
* \voffset=0.0pt
* \mag=1000
* \@twocolumnfalse
* \@twosidefalse
* \@mparswitchfalse
* \@reversemarginfalse
* (1in=72.27pt=25.4mm, 1cm=28.453pt)

<CV-image-20201004a.png, id=4, 546.04pt x 571.13374pt>
File: CV-image-20201004a.png Graphic file (type png)
<use CV-image-20201004a.png>
Package pdftex.def Info: CV-image-20201004a.png  used on input line 78.
(pdftex.def)             Requested size: 81.60251pt x 85.35826pt.

Overfull \hbox (20.64421pt too wide) in paragraph at lines 78--78
[]| []| 
 []

LaTeX Font Info:    External font `cmex10' loaded for size
(Font)              <7> on input line 81.
LaTeX Font Info:    External font `cmex10' loaded for size
(Font)              <5> on input line 81.

Underfull \hbox (badness 10000) in paragraph at lines 82--83
[]|[]$\OT1/cmtt/m/n/10 https : / / scholar . google . com / citations ? user = 
ithh22sAAAAJ & hl = en$[]
 []


Underfull \hbox (badness 10000) in paragraph at lines 83--84
[]|[]$\OT1/cmtt/m/n/10 https : / / www . scopus . com / authid / detail . url ?
 authorId =
 []


Underfull \hbox (badness 10000) in paragraph at lines 85--86
[]|[]$\OT1/cmtt/m/n/10 https : / / play . google . com / store / apps / develop
er ? id = Rizauddin +
 []


Underfull \hbox (badness 4913) in paragraph at lines 187--188
[]|\OT1/phv/m/n/10 Vehicle Routing Problem with Time Windows (VRPTW) Based
 []


Underfull \hbox (badness 10000) in paragraph at lines 187--188
\OT1/phv/m/n/10 Optimization Models for Sustainable e-Grocery Delivery using
 []


Underfull \hbox (badness 10000) in paragraph at lines 187--188
\OT1/phv/m/n/10 Homogeneous and Heterogeneous Fleet of Vehicles. 600-
 []


Underfull \hbox (badness 3746) in paragraph at lines 196--197
[]|\OT1/phv/m/n/10 Smartphone Assisted Legal Writing. 600-RMI/DANA 5/3/ARAS
 []


Underfull \hbox (badness 10000) in paragraph at lines 208--209
[]|\OT1/phv/m/n/10 Ant Based Rule Induction Algorithm. (2013-2014).
 []


Underfull \hbox (badness 10000) in paragraph at lines 208--209
\OT1/phv/m/n/10 Dana Kecemerlangan Pendidikan UiTM (Perlis). 600-
 []


Underfull \hbox (badness 4686) in paragraph at lines 212--213
\OT1/phv/m/n/10 Research Grant Scheme (FRGS). 600-RMI/FRGS 5/3 (9/2012).
 []


Underfull \hbox (badness 10000) in paragraph at lines 227--227

 []


Underfull \hbox (badness 10000) in paragraph at lines 227--228

 []


Underfull \hbox (badness 2401) in paragraph at lines 230--231
[]|\OT1/phv/m/n/10 Anugerah Semarak Penyelidikan (Vibrant Research Award) UiTM
 []


Underfull \hbox (badness 10000) in paragraph at lines 272--272

 []


Underfull \hbox (badness 10000) in paragraph at lines 329--329

 []


Underfull \hbox (badness 10000) in paragraph at lines 349--349

 []


Underfull \hbox (badness 10000) in paragraph at lines 355--355

 []


Underfull \hbox (badness 10000) in paragraph at lines 361--361

 []


Underfull \hbox (badness 10000) in paragraph at lines 370--370

 []


Underfull \hbox (badness 10000) in paragraph at lines 370--370

 []


Underfull \hbox (badness 10000) in paragraph at lines 376--376

 []


Underfull \hbox (badness 10000) in paragraph at lines 384--384

 []


Underfull \hbox (badness 10000) in paragraph at lines 384--384

 []


Underfull \hbox (badness 10000) in paragraph at lines 394--394

 []


Underfull \hbox (badness 10000) in paragraph at lines 394--394

 []


Underfull \hbox (badness 10000) in paragraph at lines 394--394

 []


Underfull \hbox (badness 10000) in paragraph at lines 402--402

 []


Underfull \hbox (badness 10000) in paragraph at lines 402--402

 []


Underfull \hbox (badness 10000) in paragraph at lines 408--408

 []


Underfull \hbox (badness 10000) in paragraph at lines 432--432
\OT1/phv/m/n/10 2021 []$\OT1/cmtt/m/n/10 https : / / play . google . com / stor
e / apps / details ? id = com .
 []


Underfull \hbox (badness 10000) in paragraph at lines 432--432

 []


Underfull \hbox (badness 10000) in paragraph at lines 432--432

 []


Underfull \hbox (badness 10000) in paragraph at lines 432--432

 []


Underfull \hbox (badness 10000) in paragraph at lines 448--448
[]$\OT1/cmtt/m/n/10 https : / / play . google . com / store / apps / details ? 
id = com . rizauddin .
 []


Underfull \hbox (badness 10000) in paragraph at lines 448--448

 []


Underfull \hbox (badness 10000) in paragraph at lines 448--449
[]$\OT1/cmtt/m/n/10 https : / / play . google . com / store / apps / details ? 
id = com . rizauddin .
 []


Underfull \hbox (badness 3965) in paragraph at lines 452--453
[]|\OT1/phv/m/n/10 Saian R., Mohd Zakuan Z. Z., Darus N. A. & Abdul Halim
 []


Underfull \hbox (badness 1237) in paragraph at lines 452--453
\OT1/phv/m/n/10 N. (20--23 September 2016). Smartphone Assisted Legal Writer
 []


Underfull \hbox (badness 3068) in paragraph at lines 452--453
\OT1/phv/m/n/10 (SALeW). Invention, Innovation & Design Exposition (iidex2016).

 []

LaTeX Font Info:    Font shape `OT1/phv/m/it' in size <10> not available
(Font)              Font shape `OT1/phv/m/sl' tried instead on input line 458.

Underfull \hbox (badness 10000) in paragraph at lines 464--464

 []


Underfull \hbox (badness 10000) in paragraph at lines 471--472
[]|[]$\OT1/cmtt/m/n/10 https : / / play . google . com / store / apps / develop
er ? id = Rizauddin +
 []


Underfull \hbox (badness 10000) in paragraph at lines 499--499
[]$\OT1/cmtt/m/n/10 https : / / play . google . com / store / apps / details ? 
id = com . rizauddin .
 []


Underfull \hbox (badness 10000) in paragraph at lines 499--499

 []


Underfull \hbox (badness 10000) in paragraph at lines 499--499

 []


Underfull \hbox (badness 10000) in paragraph at lines 499--499
\OT1/phv/m/n/10 car loan.[]$\OT1/cmtt/m/n/10 https : / / play . google . com / 
store / apps / details ? id = com .
 []


Underfull \hbox (badness 10000) in paragraph at lines 499--499

 []


Underfull \hbox (badness 2837) in paragraph at lines 499--499
\OT1/phv/m/n/10 home loan.[]$\OT1/cmtt/m/n/10 https : / / play . google . com /
 store / apps / details ? id = com .
 []


Underfull \hbox (badness 10000) in paragraph at lines 499--499

 []


Underfull \hbox (badness 10000) in paragraph at lines 499--500
[]$\OT1/cmtt/m/n/10 https : / / play . google . com / store / apps / details ? 
id = com . rizauddin .
 []

LaTeX Font Info:    External font `cmex10' loaded for size
(Font)              <12> on input line 502.
LaTeX Font Info:    External font `cmex10' loaded for size
(Font)              <8> on input line 502.
LaTeX Font Info:    External font `cmex10' loaded for size
(Font)              <6> on input line 502.

Underfull \hbox (badness 10000) in paragraph at lines 534--534

 []


Underfull \hbox (badness 2573) in paragraph at lines 534--534
[]\OT1/phv/m/n/10 LaTeX Workshop: Writing Thesis in LaTeX for UiTM Students.
 []


Underfull \hbox (badness 10000) in paragraph at lines 534--534

 []


Underfull \hbox (badness 10000) in paragraph at lines 534--534

 []


Underfull \hbox (badness 10000) in paragraph at lines 563--563

 []


Underfull \hbox (badness 10000) in paragraph at lines 563--563

 []


Underfull \hbox (badness 10000) in paragraph at lines 563--563

 []


Underfull \hbox (badness 10000) in paragraph at lines 563--563

 []


Underfull \hbox (badness 10000) in paragraph at lines 563--563

 []


Underfull \hbox (badness 1043) in paragraph at lines 563--563
[]\OT1/phv/m/n/10 LaTeX Workshop for Students. Organized by Prodi Prodi Teknik
 []


Underfull \hbox (badness 10000) in paragraph at lines 563--563

 []


Underfull \hbox (badness 4108) in paragraph at lines 563--563
[]\OT1/phv/m/n/10 Python Programming. Organized by Prodi Teknik Informatika,
 []


Underfull \hbox (badness 10000) in paragraph at lines 563--563

 []


Underfull \hbox (badness 10000) in paragraph at lines 563--563

 []


Underfull \hbox (badness 10000) in paragraph at lines 563--563

 []


Underfull \hbox (badness 10000) in paragraph at lines 563--563

 []


Underfull \hbox (badness 10000) in paragraph at lines 569--569

 []


Underfull \hbox (badness 5274) in paragraph at lines 577--577
[]|\OT1/phv/m/n/10 Introduction to Python Programming for Calculus. Organized
 []


Underfull \hbox (badness 4518) in paragraph at lines 577--577
\OT1/phv/m/n/10 by FSKM, UiTM Seremban 3. 19 October 2017. []$\OT1/cmtt/m/n/10 
https :
 []


Underfull \hbox (badness 10000) in paragraph at lines 577--577

 []


Underfull \hbox (badness 10000) in paragraph at lines 577--577

 []


Underfull \hbox (badness 10000) in paragraph at lines 594--594

 []


Underfull \hbox (badness 10000) in paragraph at lines 594--594

 []


Underfull \hbox (badness 10000) in paragraph at lines 594--594

 []


Underfull \hbox (badness 2495) in paragraph at lines 594--594
\OT1/phv/m/n/10 Hassan, UiTM Cawangan Perlis. Organized by Jabatan Sains
 []


Underfull \hbox (badness 10000) in paragraph at lines 594--594

 []


Underfull \hbox (badness 10000) in paragraph at lines 594--594

 []


Underfull \hbox (badness 10000) in paragraph at lines 594--594

 []


Underfull \hbox (badness 10000) in paragraph at lines 599--599

 []


Underfull \hbox (badness 10000) in paragraph at lines 604--604

 []


Underfull \hbox (badness 1472) in paragraph at lines 611--612
[]|\OT1/phv/m/n/10 Bengkel L[]T[]X. Makmal Komputer (Pensyarah), UiTM Cawangan
 []


Underfull \hbox (badness 10000) in paragraph at lines 616--616

 []


Underfull \hbox (badness 10000) in paragraph at lines 621--621

 []


Underfull \hbox (badness 10000) in paragraph at lines 631--631

 []


Underfull \hbox (badness 1400) in paragraph at lines 631--632
\OT1/phv/m/n/10 during COVID-19: Psychological effects and the legal measures.
 []


Underfull \hbox (badness 3612) in paragraph at lines 631--632
\OT1/phv/m/n/10 International Journal of Public Health Science, 11(1), 232-239.

 []


Underfull \hbox (badness 10000) in paragraph at lines 642--642

 []


Underfull \hbox (badness 10000) in paragraph at lines 642--642

 []


Underfull \hbox (badness 10000) in paragraph at lines 642--642

 []


Underfull \hbox (badness 1776) in paragraph at lines 652--652
\OT1/phv/m/n/10 Smartphone app for searching legal cases for non-law students.
 []


Underfull \hbox (badness 10000) in paragraph at lines 652--652

 []


Underfull \hbox (badness 1383) in paragraph at lines 652--652
\OT1/phv/m/n/10 ant colony optimization in combating psychological effects amon
g
 []


Underfull \hbox (badness 10000) in paragraph at lines 652--652

 []


Underfull \hbox (badness 10000) in paragraph at lines 652--652

 []


Underfull \hbox (badness 3612) in paragraph at lines 665--665
\OT1/phv/m/n/10 Among Undergraduates: Focus on Computer and Mathematics
 []


Underfull \hbox (badness 10000) in paragraph at lines 665--665

 []


Underfull \hbox (badness 10000) in paragraph at lines 665--665

 []


Underfull \hbox (badness 10000) in paragraph at lines 665--665

 []


Underfull \hbox (badness 10000) in paragraph at lines 665--665

 []


Underfull \hbox (badness 10000) in paragraph at lines 675--675
\OT1/phv/m/n/10 Singapore. https://link.springer.com/book/10.1007%2F978-981-10-

 []


Underfull \hbox (badness 10000) in paragraph at lines 675--675

 []


Underfull \hbox (badness 1565) in paragraph at lines 675--675
[]\OT1/phv/m/n/10 Azahari, S. N. F., Saian, R., Othman, M. (2018). Forecasting
 []


Underfull \hbox (badness 6078) in paragraph at lines 675--675
\OT1/phv/m/n/10 Rainfall Based on Fuzzy Time Series Sliding Sindow Model,
 []


Underfull \hbox (badness 10000) in paragraph at lines 675--675
\OT1/phv/m/n/10 Proceedings of the Second International Conference on the
 []


Underfull \hbox (badness 10000) in paragraph at lines 675--675

 []


Underfull \hbox (badness 10000) in paragraph at lines 675--675

 []


Underfull \hbox (badness 10000) in paragraph at lines 686--686

 []


Underfull \hbox (badness 10000) in paragraph at lines 686--686

 []


Underfull \hbox (badness 1087) in paragraph at lines 686--686
[]\OT1/phv/m/n/10 Omar, N. A., Zakuan, Z. Z. M., & Saian, R. (2017). Software
 []


Underfull \hbox (badness 1418) in paragraph at lines 686--686
\OT1/phv/m/n/10 Piracy Detection Model Using Ant Colony Optimization Algorithm.

 []


Underfull \hbox (badness 1365) in paragraph at lines 686--686
\OT1/phv/m/n/10 Journal of Physics: Conference Series, 855(1), 12031. []$\OT1/c
mtt/m/n/10 https :
 []


Underfull \hbox (badness 10000) in paragraph at lines 686--686

 []


Underfull \hbox (badness 1107) in paragraph at lines 689--690
\OT1/phv/m/n/10 Approach. 2016 UKSim--AMSS 18th International Conference on
 []


Underfull \hbox (badness 10000) in paragraph at lines 705--705

 []


Underfull \hbox (badness 1533) in paragraph at lines 705--706
\OT1/phv/m/n/10 for Rule Induction with Simulated Annealing for Terms Selection
.
 []


Underfull \hbox (badness 1097) in paragraph at lines 705--706
\OT1/phv/m/n/10 UKSim 14th International Conference on Computer Modelling and
 []


Underfull \hbox (badness 10000) in paragraph at lines 714--714

 []


Underfull \hbox (badness 1005) in paragraph at lines 714--714
\OT1/phv/m/n/10 with Ant Colony Optimization. Second International Soft Science

 []


Underfull \hbox (badness 10000) in paragraph at lines 714--714

 []


Underfull \hbox (badness 2237) in paragraph at lines 714--715
[]\OT1/phv/m/n/10 Saian, R., & Ku-Mahamud, K. R. (2011). Hybrid Ant Colony
 []

[1.1

{/usr/local/texlive/2022/texmf-var/fonts/map/pdftex/updmap/pdftex.map} <./CV-im
age-20201004a.png>] [2.2] [3.3] [4.4] [5.5] [6.6] [7.7] [8.8] [9.9]
[10.10] [11.11] [12.12] [13.13] [14.14] (./rizauddin.aux)
Package rerunfilecheck Info: File `rizauddin.out' has not changed.
(rerunfilecheck)             Checksum: D41D8CD98F00B204E9800998ECF8427E;0.
 ) 
Here is how much of TeX's memory you used:
 10728 strings out of 475075
 171096 string characters out of 5779003
 714109 words of memory out of 5000000
 31973 multiletter control sequences out of 15000+600000
 487073 words of font info for 56 fonts, out of 8000000 for 9000
 1141 hyphenation exceptions out of 8191
 72i,13n,77p,374b,558s stack positions out of 10000i,1000n,20000p,200000b,200000s
{/usr/local/texlive/2022/texmf-dist/fonts/enc/dvips/base/8r.enc}</usr/local/t
exlive/2022/texmf-dist/fonts/type1/public/amsfonts/cm/cmtt10.pfb></usr/local/te
xlive/2022/texmf-dist/fonts/type1/urw/helvetic/uhvb8a.pfb></usr/local/texlive/2
022/texmf-dist/fonts/type1/urw/helvetic/uhvr8a.pfb></usr/local/texlive/2022/tex
mf-dist/fonts/type1/urw/helvetic/uhvro8a.pfb>
Output written on rizauddin.pdf (14 pages, 505328 bytes).
PDF statistics:
 181 PDF objects out of 1000 (max. 8388607)
 153 compressed objects within 2 object streams
 16 named destinations out of 1000 (max. 500000)
 6 words of extra memory for PDF output out of 10000 (max. 10000000)

